<?xml version="1.0" encoding="UTF-8"?>
<!-- Generated by org.testng.reporters.JUnitXMLReporter -->
<testsuite ignored="1" hostname="apples-MBP" failures="0" tests="1" name="Default test" time="0.046" errors="0" timestamp="2021-02-09T10:52:29 IST">
  <testcase classname="com.mb.MVNJenkinTest.TestngTest" name="testCase2" time="0.005"/>
  <testcase classname="com.mb.MVNJenkinTest.TestngTest" name="testCase1" time="0.0">
    <ignored/>
  </testcase> <!-- testCase1 -->
</testsuite> <!-- Default test -->
